<?xml version="1.0" encoding="UTF-8" standalone="yes"?><!DOCTYPE report PUBLIC "-//JACOCO//DTD Report 1.1//EN" "report.dtd"><report name="SuperRadio"><sessioninfo id="MacBook-Air-MacBook.local-5ab170c1" start="1642514570274" dump="1642514572236"/><sessioninfo id="MacBook-Air-MacBook.local-f9f9fc4f" start="1642515643597" dump="1642515645612"/><sessioninfo id="MacBook-Air-MacBook.local-f6b295ca" start="1642516126989" dump="1642516128715"/><sessioninfo id="MacBook-Air-MacBook.local-f58e241b" start="1642516318474" dump="1642516320628"/><package name="ru/netology/domain"><class name="ru/netology/domain/Radio" sourcefilename="Radio.java"><method name="&lt;init&gt;" desc="()V" line="3"><counter type="INSTRUCTION" missed="0" covered="3"/><counter type="LINE" missed="0" covered="1"/><counter type="COMPLEXITY" missed="0" covered="1"/><counter type="METHOD" missed="0" covered="1"/></method><method name="getMaxVolume" desc="()I" line="12"><counter type="INSTRUCTION" missed="3" covered="0"/><counter type="LINE" missed="1" covered="0"/><counter type="COMPLEXITY" missed="1" covered="0"/><counter type="METHOD" missed="1" covered="0"/></method><method name="setMaxVolume" desc="(I)V" line="15"><counter type="INSTRUCTION" missed="0" covered="4"/><counter type="LINE" missed="0" covered="2"/><counter type="COMPLEXITY" missed="0" covered="1"/><counter type="METHOD" missed="0" covered="1"/></method><method name="getMinVolume" desc="()I" line="19"><counter type="INSTRUCTION" missed="3" covered="0"/><counter type="LINE" missed="1" covered="0"/><counter type="COMPLEXITY" missed="1" covered="0"/><counter type="METHOD" missed="1" covered="0"/></method><method name="setMinVolume" desc="(I)V" line="22"><counter type="INSTRUCTION" missed="0" covered="4"/><counter type="LINE" missed="0" covered="2"/><counter type="COMPLEXITY" missed="0" covered="1"/><counter type="METHOD" missed="0" covered="1"/></method><method name="getCurrentVolume" desc="()I" line="26"><counter type="INSTRUCTION" missed="0" covered="3"/><counter type="LINE" missed="0" covered="1"/><counter type="COMPLEXITY" missed="0" covered="1"/><counter type="METHOD" missed="0" covered="1"/></method><method name="setCurrentVolume" desc="(I)V" line="29"><counter type="INSTRUCTION" missed="0" covered="4"/><counter type="LINE" missed="0" covered="1"/><counter type="COMPLEXITY" missed="0" covered="1"/><counter type="METHOD" missed="0" covered="1"/></method><method name="upVolume" desc="()V" line="32"><counter type="INSTRUCTION" missed="7" covered="6"/><counter type="BRANCH" missed="1" covered="1"/><counter type="LINE" missed="2" covered="2"/><counter type="COMPLEXITY" missed="1" covered="1"/><counter type="METHOD" missed="0" covered="1"/></method><method name="downVolume" desc="()V" line="39"><counter type="INSTRUCTION" missed="1" covered="12"/><counter type="BRANCH" missed="1" covered="1"/><counter type="LINE" missed="1" covered="3"/><counter type="COMPLEXITY" missed="1" covered="1"/><counter type="METHOD" missed="0" covered="1"/></method><method name="getMaxStation" desc="()I" line="46"><counter type="INSTRUCTION" missed="3" covered="0"/><counter type="LINE" missed="1" covered="0"/><counter type="COMPLEXITY" missed="1" covered="0"/><counter type="METHOD" missed="1" covered="0"/></method><method name="setMaxStation" desc="(I)V" line="49"><counter type="INSTRUCTION" missed="0" covered="4"/><counter type="LINE" missed="0" covered="2"/><counter type="COMPLEXITY" missed="0" covered="1"/><counter type="METHOD" missed="0" covered="1"/></method><method name="getMinStation" desc="()I" line="53"><counter type="INSTRUCTION" missed="3" covered="0"/><counter type="LINE" missed="1" covered="0"/><counter type="COMPLEXITY" missed="1" covered="0"/><counter type="METHOD" missed="1" covered="0"/></method><method name="setMinStation" desc="(I)V" line="56"><counter type="INSTRUCTION" missed="0" covered="4"/><counter type="LINE" missed="0" covered="2"/><counter type="COMPLEXITY" missed="0" covered="1"/><counter type="METHOD" missed="0" covered="1"/></method><method name="getCurrentStation" desc="()I" line="60"><counter type="INSTRUCTION" missed="0" covered="3"/><counter type="LINE" missed="0" covered="1"/><counter type="COMPLEXITY" missed="0" covered="1"/><counter type="METHOD" missed="0" covered="1"/></method><method name="upStation" desc="()V" line="65"><counter type="INSTRUCTION" missed="0" covered="17"/><counter type="BRANCH" missed="0" covered="2"/><counter type="LINE" missed="0" covered="5"/><counter type="COMPLEXITY" missed="0" covered="2"/><counter type="METHOD" missed="0" covered="1"/></method><method name="downStation" desc="()V" line="73"><counter type="INSTRUCTION" missed="0" covered="17"/><counter type="BRANCH" missed="0" covered="2"/><counter type="LINE" missed="0" covered="5"/><counter type="COMPLEXITY" missed="0" covered="2"/><counter type="METHOD" missed="0" covered="1"/></method><method name="setCurrentStation" desc="(I)V" line="82"><counter type="INSTRUCTION" missed="2" covered="12"/><counter type="BRANCH" missed="2" covered="2"/><counter type="LINE" missed="2" covered="4"/><counter type="COMPLEXITY" missed="2" covered="1"/><counter type="METHOD" missed="0" covered="1"/></method><counter type="INSTRUCTION" missed="22" covered="93"/><counter type="BRANCH" missed="4" covered="8"/><counter type="LINE" missed="9" covered="31"/><counter type="COMPLEXITY" missed="8" covered="15"/><counter type="METHOD" missed="4" covered="13"/><counter type="CLASS" missed="0" covered="1"/></class><sourcefile name="Radio.java"><line nr="3" mi="0" ci="3" mb="0" cb="0"/><line nr="12" mi="3" ci="0" mb="0" cb="0"/><line nr="15" mi="0" ci="3" mb="0" cb="0"/><line nr="16" mi="0" ci="1" mb="0" cb="0"/><line nr="19" mi="3" ci="0" mb="0" cb="0"/><line nr="22" mi="0" ci="3" mb="0" cb="0"/><line nr="23" mi="0" ci="1" mb="0" cb="0"/><line nr="26" mi="0" ci="3" mb="0" cb="0"/><line nr="29" mi="0" ci="4" mb="0" cb="0"/><line nr="32" mi="0" ci="5" mb="1" cb="1"/><line nr="33" mi="0" ci="1" mb="0" cb="0"/><line nr="35" mi="6" ci="0" mb="0" cb="0"/><line nr="36" mi="1" ci="0" mb="0" cb="0"/><line nr="39" mi="0" ci="5" mb="1" cb="1"/><line nr="40" mi="1" ci="0" mb="0" cb="0"/><line nr="42" mi="0" ci="6" mb="0" cb="0"/><line nr="43" mi="0" ci="1" mb="0" cb="0"/><line nr="46" mi="3" ci="0" mb="0" cb="0"/><line nr="49" mi="0" ci="3" mb="0" cb="0"/><line nr="50" mi="0" ci="1" mb="0" cb="0"/><line nr="53" mi="3" ci="0" mb="0" cb="0"/><line nr="56" mi="0" ci="3" mb="0" cb="0"/><line nr="57" mi="0" ci="1" mb="0" cb="0"/><line nr="60" mi="0" ci="3" mb="0" cb="0"/><line nr="65" mi="0" ci="5" mb="0" cb="2"/><line nr="66" mi="0" ci="6" mb="0" cb="0"/><line nr="67" mi="0" ci="1" mb="0" cb="0"/><line nr="69" mi="0" ci="4" mb="0" cb="0"/><line nr="70" mi="0" ci="1" mb="0" cb="0"/><line nr="73" mi="0" ci="5" mb="0" cb="2"/><line nr="74" mi="0" ci="6" mb="0" cb="0"/><line nr="75" mi="0" ci="1" mb="0" cb="0"/><line nr="77" mi="0" ci="4" mb="0" cb="0"/><line nr="78" mi="0" ci="1" mb="0" cb="0"/><line nr="82" mi="0" ci="4" mb="1" cb="1"/><line nr="83" mi="1" ci="0" mb="0" cb="0"/><line nr="85" mi="0" ci="4" mb="1" cb="1"/><line nr="86" mi="1" ci="0" mb="0" cb="0"/><line nr="88" mi="0" ci="3" mb="0" cb="0"/><line nr="89" mi="0" ci="1" mb="0" cb="0"/><counter type="INSTRUCTION" missed="22" covered="93"/><counter type="BRANCH" missed="4" covered="8"/><counter type="LINE" missed="9" covered="31"/><counter type="COMPLEXITY" missed="8" covered="15"/><counter type="METHOD" missed="4" covered="13"/><counter type="CLASS" missed="0" covered="1"/></sourcefile><counter type="INSTRUCTION" missed="22" covered="93"/><counter type="BRANCH" missed="4" covered="8"/><counter type="LINE" missed="9" covered="31"/><counter type="COMPLEXITY" missed="8" covered="15"/><counter type="METHOD" missed="4" covered="13"/><counter type="CLASS" missed="0" covered="1"/></package><counter type="INSTRUCTION" missed="22" covered="93"/><counter type="BRANCH" missed="4" covered="8"/><counter type="LINE" missed="9" covered="31"/><counter type="COMPLEXITY" missed="8" covered="15"/><counter type="METHOD" missed="4" covered="13"/><counter type="CLASS" missed="0" covered="1"/></report>